0 info it worked if it ends with ok
1 verbose cli [ '/usr/local/Cellar/node/0.10.1/bin/node',
1 verbose cli   '/usr/local/bin/npm',
1 verbose cli   'install',
1 verbose cli   'buf' ]
2 info using npm@1.2.15
3 info using node@v0.10.1
4 verbose read json /Users/lomaster/Projects/Coursera/StartUp/HW/HW3/node-js-sample/package.json
5 warn package.json node-js-sample@0.0.1 No README.md file found!
6 verbose read json /Users/lomaster/Projects/Coursera/StartUp/HW/HW3/node-js-sample/node_modules/express/package.json
7 verbose from cache /Users/lomaster/Projects/Coursera/StartUp/HW/HW3/node-js-sample/package.json
8 verbose readDependencies using package.json deps
9 verbose cache add [ 'buf', null ]
10 verbose cache add name=undefined spec="buf" args=["buf",null]
11 verbose parsed url { protocol: null,
11 verbose parsed url   slashes: null,
11 verbose parsed url   auth: null,
11 verbose parsed url   host: null,
11 verbose parsed url   port: null,
11 verbose parsed url   hostname: null,
11 verbose parsed url   hash: null,
11 verbose parsed url   search: null,
11 verbose parsed url   query: null,
11 verbose parsed url   pathname: 'buf',
11 verbose parsed url   path: 'buf',
11 verbose parsed url   href: 'buf' }
12 silly lockFile cb252062-buf buf
13 verbose lock buf /Users/lomaster/.npm/cb252062-buf.lock
14 silly lockFile cb252062-buf buf
15 silly lockFile cb252062-buf buf
16 verbose addNamed [ 'buf', '' ]
17 verbose addNamed [ null, '' ]
18 silly lockFile 205c06c1-buf buf@
19 verbose lock buf@ /Users/lomaster/.npm/205c06c1-buf.lock
20 silly addNameRange { name: 'buf', range: '', hasData: false }
21 verbose url raw buf
22 verbose url resolving [ 'https://registry.npmjs.org/', './buf' ]
23 verbose url resolved https://registry.npmjs.org/buf
24 info trying registry request attempt 1 at 06:00:47
25 http GET https://registry.npmjs.org/buf
26 http 404 https://registry.npmjs.org/buf
27 silly registry.get cb [ 404,
27 silly registry.get   { server: 'CouchDB/1.3.0 (Erlang OTP/R15B03)',
27 silly registry.get     date: 'Sun, 14 Jul 2013 02:00:48 GMT',
27 silly registry.get     'content-type': 'application/json',
27 silly registry.get     'content-length': '52',
27 silly registry.get     'cache-control': 'must-revalidate' } ]
28 silly lockFile 205c06c1-buf buf@
29 silly lockFile 205c06c1-buf buf@
30 error 404 'buf' is not in the npm registry.
30 error 404 You should bug the author to publish it
30 error 404
30 error 404 Note that you can also install from a
30 error 404 tarball, folder, or http url, or git url.
31 error System Darwin 11.4.2
32 error command "/usr/local/Cellar/node/0.10.1/bin/node" "/usr/local/bin/npm" "install" "buf"
33 error cwd /Users/lomaster/Projects/Coursera/StartUp/HW/HW3/node-js-sample
34 error node -v v0.10.1
35 error npm -v 1.2.15
36 error code E404
37 verbose exit [ 1, true ]
